
Designing propeller_1

Designing lift_rotor
 ***********  Day 0 ***********  
 ***********  Day 1 ***********  
 ***********  Day 2 ***********  
 ***********  Day 3 ***********  
 ***********  Day 4 ***********  
 ***********  Day 5 ***********  
 ***********  Day 6 ***********  
 ***********  Day 7 ***********  
 ***********  Day 8 ***********  
 ***********  Day 9 ***********  
 ***********  Day 10 ***********  
 ***********  Day 11 ***********  
 ***********  Day 12 ***********  
 ***********  Day 13 ***********  
 ***********  Day 14 ***********  
 ***********  Day 15 ***********  
 ***********  Day 16 ***********  
 ***********  Day 17 ***********  
 ***********  Day 18 ***********  
 ***********  Day 19 ***********  
 ***********  Day 20 ***********  
 ***********  Day 21 ***********  
 ***********  Day 22 ***********  
 ***********  Day 23 ***********  
 ***********  Day 24 ***********  
 ***********  Day 25 ***********  
 ***********  Day 26 ***********  
 ***********  Day 27 ***********  
 ***********  Day 28 ***********  
 ***********  Day 29 ***********  
 ***********  Day 30 ***********  
 ***********  Day 31 ***********  
 ***********  Day 32 ***********  
 ***********  Day 33 ***********  
 ***********  Day 34 ***********  
 ***********  Day 35 ***********  
 ***********  Day 36 ***********  
 ***********  Day 37 ***********  
 ***********  Day 38 ***********  
 ***********  Day 39 ***********  
 ***********  Day 40 ***********  
 ***********  Day 41 ***********  
 ***********  Day 42 ***********  
 ***********  Day 43 ***********  
 ***********  Day 44 ***********  
 ***********  Day 45 ***********  
 ***********  Day 46 ***********  
 ***********  Day 47 ***********  
 ***********  Day 48 ***********  
 ***********  Day 49 ***********  
 ***********  Day 50 ***********  
 ***********  Day 51 ***********  
 ***********  Day 52 ***********  
 ***********  Day 53 ***********  
 ***********  Day 54 ***********  
 ***********  Day 55 ***********  
 ***********  Day 56 ***********  
 ***********  Day 57 ***********  
 ***********  Day 58 ***********  
 ***********  Day 59 ***********  
 ***********  Day 60 ***********  
 ***********  Day 61 ***********  
 ***********  Day 62 ***********  
 ***********  Day 63 ***********  
 ***********  Day 64 ***********  
 ***********  Day 65 ***********  
 ***********  Day 66 ***********  
 ***********  Day 67 ***********  
 ***********  Day 68 ***********  
 ***********  Day 69 ***********  
 ***********  Day 70 ***********  
 ***********  Day 71 ***********  
 ***********  Day 72 ***********  
 ***********  Day 73 ***********  
 ***********  Day 74 ***********  
 ***********  Day 75 ***********  
 ***********  Day 76 ***********  
 ***********  Day 77 ***********  
 ***********  Day 78 ***********  
 ***********  Day 79 ***********  
 ***********  Day 80 ***********  
 ***********  Day 81 ***********  
 ***********  Day 82 ***********  
 ***********  Day 83 ***********  
 ***********  Day 84 ***********  
 ***********  Day 85 ***********  
 ***********  Day 86 ***********  
 ***********  Day 87 ***********  
 ***********  Day 88 ***********  
 ***********  Day 89 ***********  
 ***********  Day 90 ***********  
 ***********  Day 91 ***********  
 ***********  Day 92 ***********  
 ***********  Day 93 ***********  
 ***********  Day 94 ***********  
 ***********  Day 95 ***********  
 ***********  Day 96 ***********  
 ***********  Day 97 ***********  
 ***********  Day 98 ***********  
 ***********  Day 99 ***********  
 ***********  Day 100 ***********  
 ***********  Day 101 ***********  
 ***********  Day 102 ***********  
 ***********  Day 103 ***********  
 ***********  Day 104 ***********  
 ***********  Day 105 ***********  
 ***********  Day 106 ***********  
 ***********  Day 107 ***********  
 ***********  Day 108 ***********  
 ***********  Day 109 ***********  
 ***********  Day 110 ***********  
 ***********  Day 111 ***********  
 ***********  Day 112 ***********  
 ***********  Day 113 ***********  
 ***********  Day 114 ***********  
 ***********  Day 115 ***********  
 ***********  Day 116 ***********  
 ***********  Day 117 ***********  
 ***********  Day 118 ***********  
 ***********  Day 119 ***********  
 ***********  Day 120 ***********  
 ***********  Day 121 ***********  
 ***********  Day 122 ***********  
 ***********  Day 123 ***********  
 ***********  Day 124 ***********  
 ***********  Day 125 ***********  
 ***********  Day 126 ***********  
 ***********  Day 127 ***********  
 ***********  Day 128 ***********  
 ***********  Day 129 ***********  
 ***********  Day 130 ***********  
 ***********  Day 131 ***********  
 ***********  Day 132 ***********  
 ***********  Day 133 ***********  
 ***********  Day 134 ***********  
 ***********  Day 135 ***********  
 ***********  Day 136 ***********  
 ***********  Day 137 ***********  
 ***********  Day 138 ***********  
 ***********  Day 139 ***********  
 ***********  Day 140 ***********  
 ***********  Day 141 ***********  
 ***********  Day 142 ***********  
 ***********  Day 143 ***********  
 ***********  Day 144 ***********  
 ***********  Day 145 ***********  
 ***********  Day 146 ***********  
 ***********  Day 147 ***********  
 ***********  Day 148 ***********  
 ***********  Day 149 ***********  
 ***********  Day 150 ***********  
 ***********  Day 151 ***********  
 ***********  Day 152 ***********  
 ***********  Day 153 ***********  
 ***********  Day 154 ***********  
 ***********  Day 155 ***********  
 ***********  Day 156 ***********  
 ***********  Day 157 ***********  
 ***********  Day 158 ***********  
 ***********  Day 159 ***********  
 ***********  Day 160 ***********  
 ***********  Day 161 ***********  
 ***********  Day 162 ***********  
 ***********  Day 163 ***********  
 ***********  Day 164 ***********  
 ***********  Day 165 ***********  
 ***********  Day 166 ***********  
 ***********  Day 167 ***********  
 ***********  Day 168 ***********  
 ***********  Day 169 ***********  
 ***********  Day 170 ***********  
 ***********  Day 171 ***********  
 ***********  Day 172 ***********  
 ***********  Day 173 ***********  
 ***********  Day 174 ***********  
 ***********  Day 175 ***********  
 ***********  Day 176 ***********  
 ***********  Day 177 ***********  
 ***********  Day 178 ***********  
 ***********  Day 179 ***********  
 ***********  Day 180 ***********  
 ***********  Day 181 ***********  
 ***********  Day 182 ***********  
 ***********  Day 183 ***********  
 ***********  Day 184 ***********  
 ***********  Day 185 ***********  
 ***********  Day 186 ***********  
 ***********  Day 187 ***********  
 ***********  Day 188 ***********  
 ***********  Day 189 ***********  
 ***********  Day 190 ***********  
 ***********  Day 191 ***********  
 ***********  Day 192 ***********  
 ***********  Day 193 ***********  
 ***********  Day 194 ***********  
 ***********  Day 195 ***********  
 ***********  Day 196 ***********  
 ***********  Day 197 ***********  
 ***********  Day 198 ***********  
 ***********  Day 199 ***********  
 ***********  Day 200 ***********  
 ***********  Day 201 ***********  
 ***********  Day 202 ***********  
 ***********  Day 203 ***********  
 ***********  Day 204 ***********  
 ***********  Day 205 ***********  
 ***********  Day 206 ***********  
 ***********  Day 207 ***********  
 ***********  Day 208 ***********  
 ***********  Day 209 ***********  
 ***********  Day 210 ***********  
 ***********  Day 211 ***********  
 ***********  Day 212 ***********  
 ***********  Day 213 ***********  
 ***********  Day 214 ***********  
 ***********  Day 215 ***********  
 ***********  Day 216 ***********  
 ***********  Day 217 ***********  
 ***********  Day 218 ***********  
 ***********  Day 219 ***********  
 ***********  Day 220 ***********  
 ***********  Day 221 ***********  
 ***********  Day 222 ***********  
 ***********  Day 223 ***********  
 ***********  Day 224 ***********  
 ***********  Day 225 ***********  
 ***********  Day 226 ***********  
 ***********  Day 227 ***********  
 ***********  Day 228 ***********  
 ***********  Day 229 ***********  
 ***********  Day 230 ***********  
 ***********  Day 231 ***********  
 ***********  Day 232 ***********  
 ***********  Day 233 ***********  
 ***********  Day 234 ***********  
 ***********  Day 235 ***********  
 ***********  Day 236 ***********  
 ***********  Day 237 ***********  
 ***********  Day 238 ***********  
 ***********  Day 239 ***********  
 ***********  Day 240 ***********  
 ***********  Day 241 ***********  
 ***********  Day 242 ***********  
 ***********  Day 243 ***********  
 ***********  Day 244 ***********  
 ***********  Day 245 ***********  
 ***********  Day 246 ***********  
 ***********  Day 247 ***********  
 ***********  Day 248 ***********  
 ***********  Day 249 ***********  
 ***********  Day 250 ***********  
 ***********  Day 251 ***********  
 ***********  Day 252 ***********  
 ***********  Day 253 ***********  
 ***********  Day 254 ***********  
 ***********  Day 255 ***********  
 ***********  Day 256 ***********  
 ***********  Day 257 ***********  
 ***********  Day 258 ***********  
 ***********  Day 259 ***********  
 ***********  Day 260 ***********  
 ***********  Day 261 ***********  
 ***********  Day 262 ***********  
 ***********  Day 263 ***********  
 ***********  Day 264 ***********  
 ***********  Day 265 ***********  
 ***********  Day 266 ***********  
 ***********  Day 267 ***********  
 ***********  Day 268 ***********  
 ***********  Day 269 ***********  
 ***********  Day 270 ***********  
 ***********  Day 271 ***********  
 ***********  Day 272 ***********  
 ***********  Day 273 ***********  
 ***********  Day 274 ***********  
 ***********  Day 275 ***********  
 ***********  Day 276 ***********  
 ***********  Day 277 ***********  
 ***********  Day 278 ***********  
 ***********  Day 279 ***********  
 ***********  Day 280 ***********  
 ***********  Day 281 ***********  
 ***********  Day 282 ***********  
 ***********  Day 283 ***********  
 ***********  Day 284 ***********  
 ***********  Day 285 ***********  
 ***********  Day 286 ***********  
 ***********  Day 287 ***********  
 ***********  Day 288 ***********  
 ***********  Day 289 ***********  
 ***********  Day 290 ***********  
 ***********  Day 291 ***********  
 ***********  Day 292 ***********  
 ***********  Day 293 ***********  
 ***********  Day 294 ***********  
 ***********  Day 295 ***********  
 ***********  Day 296 ***********  
 ***********  Day 297 ***********  
 ***********  Day 298 ***********  
 ***********  Day 299 ***********  
 ***********  Day 300 ***********  
 ***********  Day 301 ***********  
 ***********  Day 302 ***********  
 ***********  Day 303 ***********  
 ***********  Day 304 ***********  
 ***********  Day 305 ***********  
 ***********  Day 306 ***********  
 ***********  Day 307 ***********  
 ***********  Day 308 ***********  
 ***********  Day 309 ***********  
 ***********  Day 310 ***********  
 ***********  Day 311 ***********  
 ***********  Day 312 ***********  
 ***********  Day 313 ***********  
 ***********  Day 314 ***********  
 ***********  Day 315 ***********  
 ***********  Day 316 ***********  
 ***********  Day 317 ***********  
 ***********  Day 318 ***********  
 ***********  Day 319 ***********  
 ***********  Day 320 ***********  
 ***********  Day 321 ***********  
 ***********  Day 322 ***********  
 ***********  Day 323 ***********  
 ***********  Day 324 ***********  
 ***********  Day 325 ***********  
 ***********  Day 326 ***********  
 ***********  Day 327 ***********  
 ***********  Day 328 ***********  
 ***********  Day 329 ***********  
 ***********  Day 330 ***********  
 ***********  Day 331 ***********  
 ***********  Day 332 ***********  
 ***********  Day 333 ***********  
 ***********  Day 334 ***********  
 ***********  Day 335 ***********  
 ***********  Day 336 ***********  
 ***********  Day 337 ***********  
 ***********  Day 338 ***********  
 ***********  Day 339 ***********  
 ***********  Day 340 ***********  
 ***********  Day 341 ***********  
 ***********  Day 342 ***********  
 ***********  Day 343 ***********  
 ***********  Day 344 ***********  
 ***********  Day 345 ***********  
 ***********  Day 346 ***********  
 ***********  Day 347 ***********  
 ***********  Day 348 ***********  
 ***********  Day 349 ***********  
 ***********  Day 350 ***********  
 ***********  Day 351 ***********  
 ***********  Day 352 ***********  
 ***********  Day 353 ***********  
 ***********  Day 354 ***********  
 ***********  Day 355 ***********  
 ***********  Day 356 ***********  
 ***********  Day 357 ***********  
 ***********  Day 358 ***********  
 ***********  Day 359 ***********  
 ***********  Day 360 ***********  
 ***********  Day 361 ***********  
 ***********  Day 362 ***********  
 ***********  Day 363 ***********  
 ***********  Day 364 ***********  
Segment did not converge. Segment Tag: Vertical_Transition_F_1_D54
Error Message:
The iteration is not making good progress, as measured by the 
  improvement from the last five Jacobian evaluations.
Segment did not converge. Segment Tag: Vertical_Transition_F_2_D54
Error Message:
The iteration is not making good progress, as measured by the 
  improvement from the last five Jacobian evaluations.
Segment did not converge. Segment Tag: Vertical_Transition_F_3_D54
Error Message:
The iteration is not making good progress, as measured by the 
  improvement from the last five Jacobian evaluations.
Segment did not converge. Segment Tag: Vertical_Transition_F_4_D54
Error Message:
The iteration is not making good progress, as measured by the 
  improvement from the last five Jacobian evaluations.
Segment did not converge. Segment Tag: Vertical_Transition_F_5_D54
Error Message:
The iteration is not making good progress, as measured by the 
  improvement from the last five Jacobian evaluations.
Segment did not converge. Segment Tag: Vertical_Transition_F_6_D54
Error Message:
The iteration is not making good progress, as measured by the 
  improvement from the last five Jacobian evaluations.
Segment did not converge. Segment Tag: Vertical_Transition_F_7_D54
Error Message:
The iteration is not making good progress, as measured by the 
  improvement from the last five Jacobian evaluations.
Segment did not converge. Segment Tag: Vertical_Transition_F_8_D54
Error Message:
The iteration is not making good progress, as measured by the 
  improvement from the last five Jacobian evaluations.
Segment did not converge. Segment Tag: Vertical_Transition_F_1_D59
Error Message:
The iteration is not making good progress, as measured by the 
  improvement from the last five Jacobian evaluations.
Segment did not converge. Segment Tag: Vertical_Transition_F_2_D59
Error Message:
The iteration is not making good progress, as measured by the 
  improvement from the last five Jacobian evaluations.
Segment did not converge. Segment Tag: Vertical_Transition_F_3_D59
Error Message:
The iteration is not making good progress, as measured by the 
  improvement from the last five Jacobian evaluations.
Segment did not converge. Segment Tag: Vertical_Transition_F_4_D59
Error Message:
The iteration is not making good progress, as measured by the 
  improvement from the last five Jacobian evaluations.
Segment did not converge. Segment Tag: Vertical_Transition_F_5_D59
Error Message:
The iteration is not making good progress, as measured by the 
  improvement from the last five Jacobian evaluations.
Segment did not converge. Segment Tag: Vertical_Transition_F_6_D59
Error Message:
The iteration is not making good progress, as measured by the 
  improvement from the last five Jacobian evaluations.
Segment did not converge. Segment Tag: Vertical_Transition_F_7_D59
Error Message:
The iteration is not making good progress, as measured by the 
  improvement from the last five Jacobian evaluations.
Segment did not converge. Segment Tag: Vertical_Transition_F_8_D59
Error Message:
The iteration is not making good progress, as measured by the 
  improvement from the last five Jacobian evaluations.
Segment did not converge. Segment Tag: Vertical_Transition_F_1_D60
Error Message:
The iteration is not making good progress, as measured by the 
  improvement from the last five Jacobian evaluations.
Segment did not converge. Segment Tag: Vertical_Transition_F_2_D60
Error Message:
The iteration is not making good progress, as measured by the 
  improvement from the last five Jacobian evaluations.
Segment did not converge. Segment Tag: Vertical_Transition_F_3_D60
Error Message:
The iteration is not making good progress, as measured by the 
  improvement from the last five Jacobian evaluations.
Segment did not converge. Segment Tag: Vertical_Transition_F_4_D60
Error Message:
The iteration is not making good progress, as measured by the 
  improvement from the last five Jacobian evaluations.
Segment did not converge. Segment Tag: Vertical_Transition_F_5_D60
Error Message:
The iteration is not making good progress, as measured by the 
  improvement from the last five Jacobian evaluations.
Segment did not converge. Segment Tag: Vertical_Transition_F_6_D60
Error Message:
The iteration is not making good progress, as measured by the 
  improvement from the last five Jacobian evaluations.
Segment did not converge. Segment Tag: Vertical_Transition_F_7_D60
Error Message:
The iteration is not making good progress, as measured by the 
  improvement from the last five Jacobian evaluations.
Segment did not converge. Segment Tag: Vertical_Transition_F_8_D60
Error Message:
The iteration is not making good progress, as measured by the 
  improvement from the last five Jacobian evaluations.
Segment did not converge. Segment Tag: Vertical_Transition_F_1_D61
Error Message:
The iteration is not making good progress, as measured by the 
  improvement from the last five Jacobian evaluations.
Segment did not converge. Segment Tag: Vertical_Transition_F_2_D61
Error Message:
The iteration is not making good progress, as measured by the 
  improvement from the last five Jacobian evaluations.
Segment did not converge. Segment Tag: Vertical_Transition_F_3_D61
Error Message:
The iteration is not making good progress, as measured by the 
  improvement from the last five Jacobian evaluations.
Segment did not converge. Segment Tag: Vertical_Transition_F_4_D61
Error Message:
The iteration is not making good progress, as measured by the 
  improvement from the last five Jacobian evaluations.
Segment did not converge. Segment Tag: Vertical_Transition_F_5_D61
Error Message:
The iteration is not making good progress, as measured by the 
  improvement from the last five Jacobian evaluations.
Segment did not converge. Segment Tag: Vertical_Transition_F_6_D61
Error Message:
The iteration is not making good progress, as measured by the 
  improvement from the last five Jacobian evaluations.
Segment did not converge. Segment Tag: Vertical_Transition_F_7_D61
Error Message:
The iteration is not making good progress, as measured by the 
  improvement from the last five Jacobian evaluations.
Segment did not converge. Segment Tag: Vertical_Transition_F_8_D61
Error Message:
The iteration is not making good progress, as measured by the 
  improvement from the last five Jacobian evaluations.
Segment did not converge. Segment Tag: Vertical_Transition_F_1_D62
Error Message:
The iteration is not making good progress, as measured by the 
  improvement from the last five Jacobian evaluations.
Segment did not converge. Segment Tag: Vertical_Transition_F_2_D62
Error Message:
The iteration is not making good progress, as measured by the 
  improvement from the last five Jacobian evaluations.
Segment did not converge. Segment Tag: Vertical_Transition_F_3_D62
Error Message:
The iteration is not making good progress, as measured by the 
  improvement from the last five Jacobian evaluations.
Segment did not converge. Segment Tag: Vertical_Transition_F_4_D62
Error Message:
The iteration is not making good progress, as measured by the 
  improvement from the last five Jacobian evaluations.
Segment did not converge. Segment Tag: Vertical_Transition_F_5_D62
Error Message:
The iteration is not making good progress, as measured by the 
  improvement from the last five Jacobian evaluations.
Segment did not converge. Segment Tag: Vertical_Transition_F_6_D62
Error Message:
The iteration is not making good progress, as measured by the 
  improvement from the last five Jacobian evaluations.
Segment did not converge. Segment Tag: Vertical_Transition_F_7_D62
Error Message:
The iteration is not making good progress, as measured by the 
  improvement from the last five Jacobian evaluations.
Segment did not converge. Segment Tag: Vertical_Transition_F_8_D62
Error Message:
The iteration is not making good progress, as measured by the 
  improvement from the last five Jacobian evaluations.
Segment did not converge. Segment Tag: Vertical_Transition_F_1_D63
Error Message:
The iteration is not making good progress, as measured by the 
  improvement from the last five Jacobian evaluations.
Segment did not converge. Segment Tag: Vertical_Transition_F_2_D63
Error Message:
The iteration is not making good progress, as measured by the 
  improvement from the last five Jacobian evaluations.
Segment did not converge. Segment Tag: Vertical_Transition_F_3_D63
Error Message:
The iteration is not making good progress, as measured by the 
  improvement from the last five Jacobian evaluations.
Segment did not converge. Segment Tag: Vertical_Transition_F_4_D63
Error Message:
The iteration is not making good progress, as measured by the 
  improvement from the last five Jacobian evaluations.
Segment did not converge. Segment Tag: Vertical_Transition_F_5_D63
Error Message:
The iteration is not making good progress, as measured by the 
  improvement from the last five Jacobian evaluations.
Segment did not converge. Segment Tag: Vertical_Transition_F_6_D63
Error Message:
The iteration is not making good progress, as measured by the 
  improvement from the last five Jacobian evaluations.
Segment did not converge. Segment Tag: Vertical_Transition_F_7_D63
Error Message:
The iteration is not making good progress, as measured by the 
  improvement from the last five Jacobian evaluations.
Segment did not converge. Segment Tag: Vertical_Transition_F_8_D63
Error Message:
The iteration is not making good progress, as measured by the 
  improvement from the last five Jacobian evaluations.
Segment did not converge. Segment Tag: Vertical_Transition_F_1_D64
Error Message:
The iteration is not making good progress, as measured by the 
  improvement from the last five Jacobian evaluations.
Segment did not converge. Segment Tag: Vertical_Transition_F_2_D64
Error Message:
The iteration is not making good progress, as measured by the 
  improvement from the last five Jacobian evaluations.
Segment did not converge. Segment Tag: Vertical_Transition_F_3_D64
Error Message:
The iteration is not making good progress, as measured by the 
  improvement from the last five Jacobian evaluations.
Segment did not converge. Segment Tag: Vertical_Transition_F_4_D64
Error Message:
The iteration is not making good progress, as measured by the 
  improvement from the last five Jacobian evaluations.
Segment did not converge. Segment Tag: Vertical_Transition_F_5_D64
Error Message:
The iteration is not making good progress, as measured by the 
  improvement from the last five Jacobian evaluations.
Segment did not converge. Segment Tag: Vertical_Transition_F_6_D64
Error Message:
The iteration is not making good progress, as measured by the 
  improvement from the last five Jacobian evaluations.
Segment did not converge. Segment Tag: Vertical_Transition_F_7_D64
Error Message:
The iteration is not making good progress, as measured by the 
  improvement from the last five Jacobian evaluations.
Segment did not converge. Segment Tag: Vertical_Transition_F_8_D64
Error Message:
The iteration is not making good progress, as measured by the 
  improvement from the last five Jacobian evaluations.
Segment did not converge. Segment Tag: Vertical_Transition_F_1_D65
Error Message:
The iteration is not making good progress, as measured by the 
  improvement from the last five Jacobian evaluations.
Segment did not converge. Segment Tag: Vertical_Transition_F_2_D65
Error Message:
The iteration is not making good progress, as measured by the 
  improvement from the last five Jacobian evaluations.
Segment did not converge. Segment Tag: Vertical_Transition_F_3_D65
Error Message:
The iteration is not making good progress, as measured by the 
  improvement from the last five Jacobian evaluations.
Segment did not converge. Segment Tag: Vertical_Transition_F_4_D65
Error Message:
The iteration is not making good progress, as measured by the 
  improvement from the last five Jacobian evaluations.
Segment did not converge. Segment Tag: Vertical_Transition_F_5_D65
Error Message:
The iteration is not making good progress, as measured by the 
  improvement from the last five Jacobian evaluations.
Segment did not converge. Segment Tag: Vertical_Transition_F_6_D65
Error Message:
The iteration is not making good progress, as measured by the 
  improvement from the last five Jacobian evaluations.
Segment did not converge. Segment Tag: Vertical_Transition_F_7_D65
Error Message:
The iteration is not making good progress, as measured by the 
  improvement from the last five Jacobian evaluations.
Segment did not converge. Segment Tag: Vertical_Transition_F_8_D65
Error Message:
The iteration is not making good progress, as measured by the 
  improvement from the last five Jacobian evaluations.
Segment did not converge. Segment Tag: Cruise_F_7_D119
Error Message:
The iteration is not making good progress, as measured by the 
  improvement from the last five Jacobian evaluations.
Segment did not converge. Segment Tag: Cruise_F_8_D119
Error Message:
The iteration is not making good progress, as measured by the 
  improvement from the last five Jacobian evaluations.
Segment did not converge. Segment Tag: Cruise_F_1_D120
Error Message:
The iteration is not making good progress, as measured by the 
  improvement from the last five Jacobian evaluations.
Segment did not converge. Segment Tag: Cruise_F_2_D120
Error Message:
The iteration is not making good progress, as measured by the 
  improvement from the last five Jacobian evaluations.
Segment did not converge. Segment Tag: Cruise_F_4_D120
Error Message:
The iteration is not making good progress, as measured by the 
  improvement from the last five Jacobian evaluations.
Segment did not converge. Segment Tag: Cruise_F_5_D120
Error Message:
The iteration is not making good progress, as measured by the 
  improvement from the last five Jacobian evaluations.
Segment did not converge. Segment Tag: Cruise_F_3_D126
Error Message:
The iteration is not making good progress, as measured by the 
  improvement from the last five Jacobian evaluations.
Segment did not converge. Segment Tag: Cruise_F_7_D126
Error Message:
The iteration is not making good progress, as measured by the 
  improvement from the last five Jacobian evaluations.
Segment did not converge. Segment Tag: Cruise_F_2_D127
Error Message:
The iteration is not making good progress, as measured by the 
  improvement from the last ten iterations.
Segment did not converge. Segment Tag: Cruise_F_7_D132
Error Message:
The iteration is not making good progress, as measured by the 
  improvement from the last five Jacobian evaluations.
Segment did not converge. Segment Tag: Cruise_F_7_D136
Error Message:
The iteration is not making good progress, as measured by the 
  improvement from the last five Jacobian evaluations.
Segment did not converge. Segment Tag: Cruise_F_8_D136
Error Message:
The iteration is not making good progress, as measured by the 
  improvement from the last five Jacobian evaluations.
Segment did not converge. Segment Tag: Cruise_F_4_D137
Error Message:
The iteration is not making good progress, as measured by the 
  improvement from the last five Jacobian evaluations.
Segment did not converge. Segment Tag: Cruise_F_5_D137
Error Message:
The iteration is not making good progress, as measured by the 
  improvement from the last five Jacobian evaluations.
Segment did not converge. Segment Tag: Cruise_F_6_D137
Error Message:
The iteration is not making good progress, as measured by the 
  improvement from the last five Jacobian evaluations.
Segment did not converge. Segment Tag: Cruise_F_7_D137
Error Message:
The iteration is not making good progress, as measured by the 
  improvement from the last five Jacobian evaluations.
Segment did not converge. Segment Tag: Cruise_F_1_D139
Error Message:
The iteration is not making good progress, as measured by the 
  improvement from the last five Jacobian evaluations.
Segment did not converge. Segment Tag: Cruise_F_3_D139
Error Message:
The iteration is not making good progress, as measured by the 
  improvement from the last five Jacobian evaluations.
Segment did not converge. Segment Tag: Cruise_F_4_D139
Error Message:
The iteration is not making good progress, as measured by the 
  improvement from the last five Jacobian evaluations.
Segment did not converge. Segment Tag: Cruise_F_5_D139
Error Message:
The iteration is not making good progress, as measured by the 
  improvement from the last five Jacobian evaluations.
Segment did not converge. Segment Tag: Cruise_F_6_D139
Error Message:
The iteration is not making good progress, as measured by the 
  improvement from the last five Jacobian evaluations.
Segment did not converge. Segment Tag: Cruise_F_7_D139
Error Message:
The iteration is not making good progress, as measured by the 
  improvement from the last five Jacobian evaluations.
Segment did not converge. Segment Tag: Cruise_F_8_D139
Error Message:
The iteration is not making good progress, as measured by the 
  improvement from the last five Jacobian evaluations.
Segment did not converge. Segment Tag: Cruise_F_1_D140
Error Message:
The iteration is not making good progress, as measured by the 
  improvement from the last five Jacobian evaluations.
Segment did not converge. Segment Tag: Cruise_F_3_D140
Error Message:
The iteration is not making good progress, as measured by the 
  improvement from the last five Jacobian evaluations.
Segment did not converge. Segment Tag: Cruise_F_4_D140
Error Message:
The iteration is not making good progress, as measured by the 
  improvement from the last five Jacobian evaluations.
Segment did not converge. Segment Tag: Cruise_F_5_D140
Error Message:
The iteration is not making good progress, as measured by the 
  improvement from the last five Jacobian evaluations.
Segment did not converge. Segment Tag: Cruise_F_6_D140
Error Message:
The iteration is not making good progress, as measured by the 
  improvement from the last five Jacobian evaluations.
Segment did not converge. Segment Tag: Cruise_F_1_D141
Error Message:
The iteration is not making good progress, as measured by the 
  improvement from the last five Jacobian evaluations.
Segment did not converge. Segment Tag: Cruise_F_2_D141
Error Message:
The iteration is not making good progress, as measured by the 
  improvement from the last five Jacobian evaluations.
Segment did not converge. Segment Tag: Cruise_F_3_D141
Error Message:
The iteration is not making good progress, as measured by the 
  improvement from the last five Jacobian evaluations.
Segment did not converge. Segment Tag: Cruise_F_4_D141
Error Message:
The iteration is not making good progress, as measured by the 
  improvement from the last five Jacobian evaluations.
Segment did not converge. Segment Tag: Cruise_F_5_D141
Error Message:
The iteration is not making good progress, as measured by the 
  improvement from the last five Jacobian evaluations.
Segment did not converge. Segment Tag: Cruise_F_6_D141
Error Message:
The iteration is not making good progress, as measured by the 
  improvement from the last five Jacobian evaluations.
Segment did not converge. Segment Tag: Cruise_F_7_D141
Error Message:
The iteration is not making good progress, as measured by the 
  improvement from the last five Jacobian evaluations.
Segment did not converge. Segment Tag: Cruise_F_1_D142
Error Message:
The iteration is not making good progress, as measured by the 
  improvement from the last five Jacobian evaluations.
Segment did not converge. Segment Tag: Cruise_F_2_D142
Error Message:
The iteration is not making good progress, as measured by the 
  improvement from the last ten iterations.
Segment did not converge. Segment Tag: Cruise_F_3_D142
Error Message:
The iteration is not making good progress, as measured by the 
  improvement from the last five Jacobian evaluations.
Segment did not converge. Segment Tag: Cruise_F_7_D143
Error Message:
The iteration is not making good progress, as measured by the 
  improvement from the last five Jacobian evaluations.
Segment did not converge. Segment Tag: Cruise_F_7_D146
Error Message:
The iteration is not making good progress, as measured by the 
  improvement from the last ten iterations.
Segment did not converge. Segment Tag: Cruise_F_8_D146
Error Message:
The iteration is not making good progress, as measured by the 
  improvement from the last five Jacobian evaluations.
Segment did not converge. Segment Tag: Cruise_F_2_D147
Error Message:
The iteration is not making good progress, as measured by the 
  improvement from the last five Jacobian evaluations.
Segment did not converge. Segment Tag: Cruise_F_3_D147
Error Message:
The iteration is not making good progress, as measured by the 
  improvement from the last five Jacobian evaluations.
Segment did not converge. Segment Tag: Cruise_F_4_D147
Error Message:
The iteration is not making good progress, as measured by the 
  improvement from the last ten iterations.
Segment did not converge. Segment Tag: Cruise_F_5_D147
Error Message:
The iteration is not making good progress, as measured by the 
  improvement from the last five Jacobian evaluations.
Segment did not converge. Segment Tag: Cruise_F_6_D147
Error Message:
The iteration is not making good progress, as measured by the 
  improvement from the last five Jacobian evaluations.
Segment did not converge. Segment Tag: Cruise_F_7_D147
Error Message:
The iteration is not making good progress, as measured by the 
  improvement from the last five Jacobian evaluations.
Segment did not converge. Segment Tag: Cruise_F_8_D147
Error Message:
The iteration is not making good progress, as measured by the 
  improvement from the last five Jacobian evaluations.
Segment did not converge. Segment Tag: Cruise_F_2_D148
Error Message:
The iteration is not making good progress, as measured by the 
  improvement from the last five Jacobian evaluations.
Segment did not converge. Segment Tag: Cruise_F_8_D148
Error Message:
The iteration is not making good progress, as measured by the 
  improvement from the last five Jacobian evaluations.
Segment did not converge. Segment Tag: Cruise_F_2_D149
Error Message:
The iteration is not making good progress, as measured by the 
  improvement from the last five Jacobian evaluations.
Segment did not converge. Segment Tag: Cruise_F_7_D149
Error Message:
The iteration is not making good progress, as measured by the 
  improvement from the last five Jacobian evaluations.
Segment did not converge. Segment Tag: Cruise_F_8_D149
Error Message:
The iteration is not making good progress, as measured by the 
  improvement from the last five Jacobian evaluations.
Segment did not converge. Segment Tag: Cruise_F_1_D150
Error Message:
The iteration is not making good progress, as measured by the 
  improvement from the last five Jacobian evaluations.
Segment did not converge. Segment Tag: Cruise_F_2_D150
Error Message:
The iteration is not making good progress, as measured by the 
  improvement from the last five Jacobian evaluations.
Segment did not converge. Segment Tag: Cruise_F_6_D150
Error Message:
The iteration is not making good progress, as measured by the 
  improvement from the last five Jacobian evaluations.
Segment did not converge. Segment Tag: Cruise_F_7_D150
Error Message:
The iteration is not making good progress, as measured by the 
  improvement from the last five Jacobian evaluations.
Segment did not converge. Segment Tag: Cruise_F_8_D150
Error Message:
The iteration is not making good progress, as measured by the 
  improvement from the last five Jacobian evaluations.
Segment did not converge. Segment Tag: Cruise_F_1_D151
Error Message:
The iteration is not making good progress, as measured by the 
  improvement from the last five Jacobian evaluations.
Segment did not converge. Segment Tag: Cruise_F_2_D151
Error Message:
The iteration is not making good progress, as measured by the 
  improvement from the last five Jacobian evaluations.
Segment did not converge. Segment Tag: Cruise_F_3_D151
Error Message:
The iteration is not making good progress, as measured by the 
  improvement from the last five Jacobian evaluations.
Segment did not converge. Segment Tag: Cruise_F_4_D151
Error Message:
The iteration is not making good progress, as measured by the 
  improvement from the last five Jacobian evaluations.
Segment did not converge. Segment Tag: Cruise_F_5_D151
Error Message:
The iteration is not making good progress, as measured by the 
  improvement from the last five Jacobian evaluations.
Segment did not converge. Segment Tag: Cruise_F_6_D151
Error Message:
The iteration is not making good progress, as measured by the 
  improvement from the last five Jacobian evaluations.
Segment did not converge. Segment Tag: Cruise_F_8_D151
Error Message:
The iteration is not making good progress, as measured by the 
  improvement from the last five Jacobian evaluations.
Segment did not converge. Segment Tag: Cruise_F_4_D152
Error Message:
The iteration is not making good progress, as measured by the 
  improvement from the last five Jacobian evaluations.
Segment did not converge. Segment Tag: Cruise_F_1_D153
Error Message:
The iteration is not making good progress, as measured by the 
  improvement from the last five Jacobian evaluations.
Segment did not converge. Segment Tag: Cruise_F_2_D153
Error Message:
The iteration is not making good progress, as measured by the 
  improvement from the last five Jacobian evaluations.
Segment did not converge. Segment Tag: Cruise_F_4_D153
Error Message:
The iteration is not making good progress, as measured by the 
  improvement from the last five Jacobian evaluations.
Segment did not converge. Segment Tag: Cruise_F_6_D153
Error Message:
The iteration is not making good progress, as measured by the 
  improvement from the last five Jacobian evaluations.
Segment did not converge. Segment Tag: Cruise_F_7_D153
Error Message:
The iteration is not making good progress, as measured by the 
  improvement from the last five Jacobian evaluations.
Segment did not converge. Segment Tag: Cruise_F_3_D154
Error Message:
The iteration is not making good progress, as measured by the 
  improvement from the last five Jacobian evaluations.
Segment did not converge. Segment Tag: Cruise_F_5_D154
Error Message:
The iteration is not making good progress, as measured by the 
  improvement from the last five Jacobian evaluations.
Segment did not converge. Segment Tag: Cruise_F_6_D154
Error Message:
The iteration is not making good progress, as measured by the 
  improvement from the last five Jacobian evaluations.
Segment did not converge. Segment Tag: Cruise_F_7_D154
Error Message:
The iteration is not making good progress, as measured by the 
  improvement from the last five Jacobian evaluations.
Segment did not converge. Segment Tag: Cruise_F_8_D154
Error Message:
The iteration is not making good progress, as measured by the 
  improvement from the last five Jacobian evaluations.
Segment did not converge. Segment Tag: Cruise_F_1_D155
Error Message:
The iteration is not making good progress, as measured by the 
  improvement from the last five Jacobian evaluations.
Segment did not converge. Segment Tag: Cruise_F_2_D155
Error Message:
The iteration is not making good progress, as measured by the 
  improvement from the last five Jacobian evaluations.
Segment did not converge. Segment Tag: Cruise_F_3_D155
Error Message:
The iteration is not making good progress, as measured by the 
  improvement from the last five Jacobian evaluations.
Segment did not converge. Segment Tag: Cruise_F_4_D155
Error Message:
The iteration is not making good progress, as measured by the 
  improvement from the last five Jacobian evaluations.
Segment did not converge. Segment Tag: Cruise_F_5_D155
Error Message:
The iteration is not making good progress, as measured by the 
  improvement from the last five Jacobian evaluations.
Segment did not converge. Segment Tag: Cruise_F_6_D155
Error Message:
The iteration is not making good progress, as measured by the 
  improvement from the last five Jacobian evaluations.
Segment did not converge. Segment Tag: Cruise_F_5_D157
Error Message:
The iteration is not making good progress, as measured by the 
  improvement from the last five Jacobian evaluations.
Segment did not converge. Segment Tag: Cruise_F_6_D157
Error Message:
The iteration is not making good progress, as measured by the 
  improvement from the last five Jacobian evaluations.
Segment did not converge. Segment Tag: Cruise_F_7_D157
Error Message:
The iteration is not making good progress, as measured by the 
  improvement from the last ten iterations.
Segment did not converge. Segment Tag: Cruise_F_8_D157
Error Message:
The iteration is not making good progress, as measured by the 
  improvement from the last five Jacobian evaluations.
Segment did not converge. Segment Tag: Cruise_F_1_D158
Error Message:
The iteration is not making good progress, as measured by the 
  improvement from the last ten iterations.
Segment did not converge. Segment Tag: Cruise_F_3_D158
Error Message:
The iteration is not making good progress, as measured by the 
  improvement from the last five Jacobian evaluations.
Segment did not converge. Segment Tag: Cruise_F_4_D158
Error Message:
The iteration is not making good progress, as measured by the 
  improvement from the last five Jacobian evaluations.
Segment did not converge. Segment Tag: Cruise_F_5_D158
Error Message:
The iteration is not making good progress, as measured by the 
  improvement from the last five Jacobian evaluations.
Segment did not converge. Segment Tag: Cruise_F_6_D158
Error Message:
The iteration is not making good progress, as measured by the 
  improvement from the last five Jacobian evaluations.
Segment did not converge. Segment Tag: Cruise_F_7_D158
Error Message:
The iteration is not making good progress, as measured by the 
  improvement from the last ten iterations.
Segment did not converge. Segment Tag: Cruise_F_8_D158
Error Message:
The iteration is not making good progress, as measured by the 
  improvement from the last ten iterations.
Segment did not converge. Segment Tag: Cruise_F_1_D159
Error Message:
The iteration is not making good progress, as measured by the 
  improvement from the last five Jacobian evaluations.
Segment did not converge. Segment Tag: Cruise_F_2_D159
Error Message:
The iteration is not making good progress, as measured by the 
  improvement from the last five Jacobian evaluations.
Segment did not converge. Segment Tag: Cruise_F_3_D159
Error Message:
The iteration is not making good progress, as measured by the 
  improvement from the last five Jacobian evaluations.
Segment did not converge. Segment Tag: Cruise_F_6_D160
Error Message:
The iteration is not making good progress, as measured by the 
  improvement from the last five Jacobian evaluations.
Segment did not converge. Segment Tag: Cruise_F_2_D165
Error Message:
The iteration is not making good progress, as measured by the 
  improvement from the last ten iterations.
Segment did not converge. Segment Tag: Cruise_F_3_D174
Error Message:
The iteration is not making good progress, as measured by the 
  improvement from the last five Jacobian evaluations.
Segment did not converge. Segment Tag: Cruise_F_4_D174
Error Message:
The iteration is not making good progress, as measured by the 
  improvement from the last five Jacobian evaluations.
Segment did not converge. Segment Tag: Cruise_F_2_D176
Error Message:
The iteration is not making good progress, as measured by the 
  improvement from the last five Jacobian evaluations.
Segment did not converge. Segment Tag: Cruise_F_3_D176
Error Message:
The iteration is not making good progress, as measured by the 
  improvement from the last five Jacobian evaluations.
Segment did not converge. Segment Tag: Cruise_F_7_D185
Error Message:
The iteration is not making good progress, as measured by the 
  improvement from the last five Jacobian evaluations.
Segment did not converge. Segment Tag: Cruise_F_2_D187
Error Message:
The iteration is not making good progress, as measured by the 
  improvement from the last five Jacobian evaluations.
Segment did not converge. Segment Tag: Cruise_F_8_D187
Error Message:
The iteration is not making good progress, as measured by the 
  improvement from the last five Jacobian evaluations.
Segment did not converge. Segment Tag: Cruise_F_3_D189
Error Message:
The iteration is not making good progress, as measured by the 
  improvement from the last five Jacobian evaluations.
Segment did not converge. Segment Tag: Cruise_F_8_D191
Error Message:
The iteration is not making good progress, as measured by the 
  improvement from the last five Jacobian evaluations.
Segment did not converge. Segment Tag: Descent_Transition_F_3_D207
Error Message:
The iteration is not making good progress, as measured by the 
  improvement from the last five Jacobian evaluations.
Segment did not converge. Segment Tag: Descent_Transition_F_4_D207
Error Message:
The iteration is not making good progress, as measured by the 
  improvement from the last ten iterations.
Segment did not converge. Segment Tag: Descent_Transition_F_5_D207
Error Message:
The iteration is not making good progress, as measured by the 
  improvement from the last five Jacobian evaluations.
Segment did not converge. Segment Tag: Descent_Transition_F_6_D207
Error Message:
The iteration is not making good progress, as measured by the 
  improvement from the last five Jacobian evaluations.
Segment did not converge. Segment Tag: Descent_Transition_F_7_D207
Error Message:
The iteration is not making good progress, as measured by the 
  improvement from the last five Jacobian evaluations.
Segment did not converge. Segment Tag: Descent_Transition_F_8_D207
Error Message:
The iteration is not making good progress, as measured by the 
  improvement from the last five Jacobian evaluations.
Segment did not converge. Segment Tag: Descent_Transition_F_1_D208
Error Message:
The iteration is not making good progress, as measured by the 
  improvement from the last five Jacobian evaluations.
Segment did not converge. Segment Tag: Descent_Transition_F_2_D208
Error Message:
The iteration is not making good progress, as measured by the 
  improvement from the last five Jacobian evaluations.
Segment did not converge. Segment Tag: Descent_Transition_F_3_D208
Error Message:
The iteration is not making good progress, as measured by the 
  improvement from the last five Jacobian evaluations.
Segment did not converge. Segment Tag: Descent_Transition_F_4_D208
Error Message:
The iteration is not making good progress, as measured by the 
  improvement from the last five Jacobian evaluations.
Segment did not converge. Segment Tag: Descent_Transition_F_5_D208
Error Message:
The iteration is not making good progress, as measured by the 
  improvement from the last five Jacobian evaluations.
Segment did not converge. Segment Tag: Descent_Transition_F_6_D208
Error Message:
The iteration is not making good progress, as measured by the 
  improvement from the last five Jacobian evaluations.
Segment did not converge. Segment Tag: Descent_Transition_F_7_D208
Error Message:
The iteration is not making good progress, as measured by the 
  improvement from the last five Jacobian evaluations.
Segment did not converge. Segment Tag: Descent_Transition_F_8_D208
Error Message:
The iteration is not making good progress, as measured by the 
  improvement from the last five Jacobian evaluations.
Segment did not converge. Segment Tag: Descent_Transition_F_1_D209
Error Message:
The iteration is not making good progress, as measured by the 
  improvement from the last five Jacobian evaluations.
Segment did not converge. Segment Tag: Descent_Transition_F_2_D209
Error Message:
The iteration is not making good progress, as measured by the 
  improvement from the last five Jacobian evaluations.
Segment did not converge. Segment Tag: Descent_Transition_F_3_D209
Error Message:
The iteration is not making good progress, as measured by the 
  improvement from the last ten iterations.
Segment did not converge. Segment Tag: Descent_Transition_F_4_D209
Error Message:
The iteration is not making good progress, as measured by the 
  improvement from the last five Jacobian evaluations.
Segment did not converge. Segment Tag: Descent_Transition_F_5_D209
Error Message:
The iteration is not making good progress, as measured by the 
  improvement from the last five Jacobian evaluations.
Segment did not converge. Segment Tag: Descent_Transition_F_6_D209
Error Message:
The iteration is not making good progress, as measured by the 
  improvement from the last five Jacobian evaluations.
Segment did not converge. Segment Tag: Descent_Transition_F_7_D209
Error Message:
The iteration is not making good progress, as measured by the 
  improvement from the last five Jacobian evaluations.
Segment did not converge. Segment Tag: Descent_Transition_F_8_D209
Error Message:
The iteration is not making good progress, as measured by the 
  improvement from the last five Jacobian evaluations.
Segment did not converge. Segment Tag: Descent_Transition_F_1_D210
Error Message:
The iteration is not making good progress, as measured by the 
  improvement from the last five Jacobian evaluations.
Segment did not converge. Segment Tag: Descent_Transition_F_2_D210
Error Message:
The iteration is not making good progress, as measured by the 
  improvement from the last five Jacobian evaluations.
Segment did not converge. Segment Tag: Descent_Transition_F_3_D210
Error Message:
The iteration is not making good progress, as measured by the 
  improvement from the last ten iterations.
Segment did not converge. Segment Tag: Descent_Transition_F_4_D210
Error Message:
The iteration is not making good progress, as measured by the 
  improvement from the last five Jacobian evaluations.
Segment did not converge. Segment Tag: Descent_Transition_F_5_D210
Error Message:
The iteration is not making good progress, as measured by the 
  improvement from the last five Jacobian evaluations.
Segment did not converge. Segment Tag: Descent_Transition_F_6_D210
Error Message:
The iteration is not making good progress, as measured by the 
  improvement from the last five Jacobian evaluations.
Segment did not converge. Segment Tag: Vertical_Descent_F_6_D210
Error Message:
The iteration is not making good progress, as measured by the 
  improvement from the last five Jacobian evaluations.
Segment did not converge. Segment Tag: Descent_Transition_F_7_D210
Error Message:
The iteration is not making good progress, as measured by the 
  improvement from the last five Jacobian evaluations.
Segment did not converge. Segment Tag: Descent_Transition_F_8_D210
Error Message:
The iteration is not making good progress, as measured by the 
  improvement from the last ten iterations.
Segment did not converge. Segment Tag: Vertical_Descent_F_8_D210
Error Message:
The iteration is not making good progress, as measured by the 
  improvement from the last five Jacobian evaluations.
Segment did not converge. Segment Tag: Descent_Transition_F_1_D211
Error Message:
The iteration is not making good progress, as measured by the 
  improvement from the last five Jacobian evaluations.
Segment did not converge. Segment Tag: Descent_Transition_F_2_D211
Error Message:
The iteration is not making good progress, as measured by the 
  improvement from the last five Jacobian evaluations.
Segment did not converge. Segment Tag: Descent_Transition_F_3_D211
Error Message:
The iteration is not making good progress, as measured by the 
  improvement from the last five Jacobian evaluations.
Segment did not converge. Segment Tag: Descent_Transition_F_4_D211
Error Message:
The iteration is not making good progress, as measured by the 
  improvement from the last five Jacobian evaluations.
Segment did not converge. Segment Tag: Descent_Transition_F_5_D211
Error Message:
The iteration is not making good progress, as measured by the 
  improvement from the last five Jacobian evaluations.
Segment did not converge. Segment Tag: Descent_Transition_F_6_D211
Error Message:
The iteration is not making good progress, as measured by the 
  improvement from the last five Jacobian evaluations.
Segment did not converge. Segment Tag: Descent_Transition_F_7_D211
Error Message:
The iteration is not making good progress, as measured by the 
  improvement from the last five Jacobian evaluations.
Segment did not converge. Segment Tag: Vertical_Descent_F_7_D211
Error Message:
The iteration is not making good progress, as measured by the 
  improvement from the last five Jacobian evaluations.
Segment did not converge. Segment Tag: Descent_Transition_F_8_D211
Error Message:
The iteration is not making good progress, as measured by the 
  improvement from the last five Jacobian evaluations.
Segment did not converge. Segment Tag: Descent_Transition_F_1_D212
Error Message:
The iteration is not making good progress, as measured by the 
  improvement from the last ten iterations.
Segment did not converge. Segment Tag: Descent_Transition_F_2_D212
Error Message:
The iteration is not making good progress, as measured by the 
  improvement from the last ten iterations.
Segment did not converge. Segment Tag: Vertical_Descent_F_2_D212
Error Message:
The iteration is not making good progress, as measured by the 
  improvement from the last five Jacobian evaluations.
Segment did not converge. Segment Tag: Descent_Transition_F_3_D212
Error Message:
The iteration is not making good progress, as measured by the 
  improvement from the last ten iterations.
Segment did not converge. Segment Tag: Descent_Transition_F_4_D212
Error Message:
The iteration is not making good progress, as measured by the 
  improvement from the last ten iterations.
Segment did not converge. Segment Tag: Vertical_Descent_F_4_D212
Error Message:
The iteration is not making good progress, as measured by the 
  improvement from the last five Jacobian evaluations.
Segment did not converge. Segment Tag: Descent_Transition_F_5_D212
Error Message:
The iteration is not making good progress, as measured by the 
  improvement from the last five Jacobian evaluations.
Segment did not converge. Segment Tag: Descent_Transition_F_6_D212
Error Message:
The iteration is not making good progress, as measured by the 
  improvement from the last five Jacobian evaluations.
Segment did not converge. Segment Tag: Vertical_Descent_F_6_D212
Error Message:
The iteration is not making good progress, as measured by the 
  improvement from the last five Jacobian evaluations.
Segment did not converge. Segment Tag: Descent_Transition_F_7_D212
Error Message:
The iteration is not making good progress, as measured by the 
  improvement from the last five Jacobian evaluations.
Segment did not converge. Segment Tag: Descent_Transition_F_8_D212
Error Message:
The iteration is not making good progress, as measured by the 
  improvement from the last five Jacobian evaluations.
Segment did not converge. Segment Tag: Descent_Transition_F_1_D213
Error Message:
The iteration is not making good progress, as measured by the 
  improvement from the last five Jacobian evaluations.
Segment did not converge. Segment Tag: Vertical_Descent_F_1_D213
Error Message:
The iteration is not making good progress, as measured by the 
  improvement from the last five Jacobian evaluations.
Segment did not converge. Segment Tag: Descent_Transition_F_2_D213
Error Message:
The iteration is not making good progress, as measured by the 
  improvement from the last five Jacobian evaluations.
Segment did not converge. Segment Tag: Vertical_Descent_F_2_D213
Error Message:
The iteration is not making good progress, as measured by the 
  improvement from the last five Jacobian evaluations.
Segment did not converge. Segment Tag: Descent_Transition_F_3_D213
Error Message:
The iteration is not making good progress, as measured by the 
  improvement from the last five Jacobian evaluations.
Segment did not converge. Segment Tag: Descent_Transition_F_4_D213
Error Message:
The iteration is not making good progress, as measured by the 
  improvement from the last five Jacobian evaluations.
Segment did not converge. Segment Tag: Descent_Transition_F_5_D213
Error Message:
The iteration is not making good progress, as measured by the 
  improvement from the last five Jacobian evaluations.
Segment did not converge. Segment Tag: Descent_Transition_F_6_D213
Error Message:
The iteration is not making good progress, as measured by the 
  improvement from the last five Jacobian evaluations.
Segment did not converge. Segment Tag: Descent_Transition_F_7_D213
Error Message:
The iteration is not making good progress, as measured by the 
  improvement from the last five Jacobian evaluations.
Segment did not converge. Segment Tag: Descent_Transition_F_8_D213
Error Message:
The iteration is not making good progress, as measured by the 
  improvement from the last ten iterations.
Segment did not converge. Segment Tag: Descent_Transition_F_1_D214
Error Message:
The iteration is not making good progress, as measured by the 
  improvement from the last five Jacobian evaluations.
Segment did not converge. Segment Tag: Descent_Transition_F_2_D214
Error Message:
The iteration is not making good progress, as measured by the 
  improvement from the last ten iterations.
Segment did not converge. Segment Tag: Vertical_Descent_F_2_D214
Error Message:
The iteration is not making good progress, as measured by the 
  improvement from the last five Jacobian evaluations.
Rotor BEMT did not converge to a solution (Stall)
Segment did not converge. Segment Tag: Descent_Transition_F_3_D214
Error Message:
The iteration is not making good progress, as measured by the 
  improvement from the last five Jacobian evaluations.
Segment did not converge. Segment Tag: Vertical_Descent_F_3_D214
Error Message:
The iteration is not making good progress, as measured by the 
  improvement from the last five Jacobian evaluations.
Rotor BEMT did not converge to a solution (Stall)
Segment did not converge. Segment Tag: Descent_Transition_F_4_D214
Error Message:
The iteration is not making good progress, as measured by the 
  improvement from the last five Jacobian evaluations.
Segment did not converge. Segment Tag: Vertical_Descent_F_4_D214
Error Message:
The iteration is not making good progress, as measured by the 
  improvement from the last five Jacobian evaluations.
Rotor BEMT did not converge to a solution (Stall)
Segment did not converge. Segment Tag: Descent_Transition_F_5_D214
Error Message:
The iteration is not making good progress, as measured by the 
  improvement from the last five Jacobian evaluations.
Segment did not converge. Segment Tag: Vertical_Descent_F_5_D214
Error Message:
The iteration is not making good progress, as measured by the 
  improvement from the last five Jacobian evaluations.
Rotor BEMT did not converge to a solution (Stall)
Segment did not converge. Segment Tag: Descent_Transition_F_6_D214
Error Message:
The iteration is not making good progress, as measured by the 
  improvement from the last five Jacobian evaluations.
Segment did not converge. Segment Tag: Vertical_Descent_F_6_D214
Error Message:
The iteration is not making good progress, as measured by the 
  improvement from the last five Jacobian evaluations.
Rotor BEMT did not converge to a solution (Stall)
Segment did not converge. Segment Tag: Descent_Transition_F_7_D214
Error Message:
The iteration is not making good progress, as measured by the 
  improvement from the last five Jacobian evaluations.
Rotor BEMT did not converge to a solution (Stall)
Segment did not converge. Segment Tag: Descent_Transition_F_8_D214
Error Message:
The iteration is not making good progress, as measured by the 
  improvement from the last five Jacobian evaluations.
Rotor BEMT did not converge to a solution (Stall)
Segment did not converge. Segment Tag: Descent_Transition_F_1_D215
Error Message:
The iteration is not making good progress, as measured by the 
  improvement from the last five Jacobian evaluations.
Segment did not converge. Segment Tag: Vertical_Descent_F_1_D215
Error Message:
The iteration is not making good progress, as measured by the 
  improvement from the last five Jacobian evaluations.
Segment did not converge. Segment Tag: Descent_Transition_F_2_D215
Error Message:
The iteration is not making good progress, as measured by the 
  improvement from the last five Jacobian evaluations.
Segment did not converge. Segment Tag: Vertical_Descent_F_2_D215
Error Message:
The iteration is not making good progress, as measured by the 
  improvement from the last five Jacobian evaluations.
Segment did not converge. Segment Tag: Descent_Transition_F_3_D215
Error Message:
The iteration is not making good progress, as measured by the 
  improvement from the last five Jacobian evaluations.
Segment did not converge. Segment Tag: Vertical_Descent_F_3_D215
Error Message:
The iteration is not making good progress, as measured by the 
  improvement from the last five Jacobian evaluations.
Segment did not converge. Segment Tag: Descent_Transition_F_4_D215
Error Message:
The iteration is not making good progress, as measured by the 
  improvement from the last five Jacobian evaluations.
Segment did not converge. Segment Tag: Descent_Transition_F_5_D215
Error Message:
The iteration is not making good progress, as measured by the 
  improvement from the last five Jacobian evaluations.
Segment did not converge. Segment Tag: Vertical_Descent_F_5_D215
Error Message:
The iteration is not making good progress, as measured by the 
  improvement from the last five Jacobian evaluations.
Segment did not converge. Segment Tag: Descent_Transition_F_6_D215
Error Message:
The iteration is not making good progress, as measured by the 
  improvement from the last ten iterations.
Segment did not converge. Segment Tag: Vertical_Descent_F_6_D215
Error Message:
The iteration is not making good progress, as measured by the 
  improvement from the last five Jacobian evaluations.
Segment did not converge. Segment Tag: Descent_Transition_F_7_D215
Error Message:
The iteration is not making good progress, as measured by the 
  improvement from the last five Jacobian evaluations.
Segment did not converge. Segment Tag: Vertical_Descent_F_7_D215
Error Message:
The iteration is not making good progress, as measured by the 
  improvement from the last five Jacobian evaluations.
Segment did not converge. Segment Tag: Descent_Transition_F_8_D215
Error Message:
The iteration is not making good progress, as measured by the 
  improvement from the last ten iterations.
Segment did not converge. Segment Tag: Vertical_Descent_F_8_D215
Error Message:
The iteration is not making good progress, as measured by the 
  improvement from the last five Jacobian evaluations.
Segment did not converge. Segment Tag: Descent_Transition_F_1_D216
Error Message:
The iteration is not making good progress, as measured by the 
  improvement from the last five Jacobian evaluations.
Segment did not converge. Segment Tag: Vertical_Descent_F_1_D216
Error Message:
The iteration is not making good progress, as measured by the 
  improvement from the last five Jacobian evaluations.
Segment did not converge. Segment Tag: Descent_Transition_F_2_D216
Error Message:
The iteration is not making good progress, as measured by the 
  improvement from the last five Jacobian evaluations.
Segment did not converge. Segment Tag: Vertical_Descent_F_2_D216
Error Message:
The iteration is not making good progress, as measured by the 
  improvement from the last five Jacobian evaluations.
Segment did not converge. Segment Tag: Descent_Transition_F_3_D216
Error Message:
The iteration is not making good progress, as measured by the 
  improvement from the last five Jacobian evaluations.
Segment did not converge. Segment Tag: Vertical_Descent_F_3_D216
Error Message:
The iteration is not making good progress, as measured by the 
  improvement from the last five Jacobian evaluations.
Segment did not converge. Segment Tag: Descent_Transition_F_4_D216
Error Message:
The iteration is not making good progress, as measured by the 
  improvement from the last five Jacobian evaluations.
Segment did not converge. Segment Tag: Vertical_Descent_F_4_D216
Error Message:
The iteration is not making good progress, as measured by the 
  improvement from the last five Jacobian evaluations.
Segment did not converge. Segment Tag: Descent_Transition_F_5_D216
Error Message:
The iteration is not making good progress, as measured by the 
  improvement from the last five Jacobian evaluations.
Segment did not converge. Segment Tag: Vertical_Descent_F_5_D216
Error Message:
The iteration is not making good progress, as measured by the 
  improvement from the last five Jacobian evaluations.
Segment did not converge. Segment Tag: Descent_Transition_F_6_D216
Error Message:
The iteration is not making good progress, as measured by the 
  improvement from the last five Jacobian evaluations.
Segment did not converge. Segment Tag: Vertical_Descent_F_6_D216
Error Message:
The iteration is not making good progress, as measured by the 
  improvement from the last five Jacobian evaluations.
Segment did not converge. Segment Tag: Descent_Transition_F_7_D216
Error Message:
The iteration is not making good progress, as measured by the 
  improvement from the last ten iterations.
Segment did not converge. Segment Tag: Vertical_Descent_F_7_D216
Error Message:
The iteration is not making good progress, as measured by the 
  improvement from the last five Jacobian evaluations.
Segment did not converge. Segment Tag: Descent_Transition_F_8_D216
Error Message:
The iteration is not making good progress, as measured by the 
  improvement from the last five Jacobian evaluations.
Segment did not converge. Segment Tag: Vertical_Descent_F_8_D216
Error Message:
The iteration is not making good progress, as measured by the 
  improvement from the last five Jacobian evaluations.
Segment did not converge. Segment Tag: Descent_Transition_F_1_D217
Error Message:
The iteration is not making good progress, as measured by the 
  improvement from the last five Jacobian evaluations.
Rotor BEMT did not converge to a solution (Stall)
Rotor BEMT did not converge to a solution (Stall)
Segment did not converge. Segment Tag: Vertical_Descent_F_1_D217
Error Message:
The iteration is not making good progress, as measured by the 
  improvement from the last five Jacobian evaluations.
Segment did not converge. Segment Tag: Descent_Transition_F_2_D217
Error Message:
The iteration is not making good progress, as measured by the 
  improvement from the last five Jacobian evaluations.
Segment did not converge. Segment Tag: Vertical_Descent_F_2_D217
Error Message:
The iteration is not making good progress, as measured by the 
  improvement from the last five Jacobian evaluations.
Segment did not converge. Segment Tag: Descent_Transition_F_3_D217
Error Message:
The iteration is not making good progress, as measured by the 
  improvement from the last five Jacobian evaluations.
Segment did not converge. Segment Tag: Vertical_Descent_F_3_D217
Error Message:
The iteration is not making good progress, as measured by the 
  improvement from the last five Jacobian evaluations.
Segment did not converge. Segment Tag: Descent_Transition_F_4_D217
Error Message:
The iteration is not making good progress, as measured by the 
  improvement from the last five Jacobian evaluations.
Rotor BEMT did not converge to a solution (Stall)
Segment did not converge. Segment Tag: Vertical_Descent_F_4_D217
Error Message:
The iteration is not making good progress, as measured by the 
  improvement from the last five Jacobian evaluations.
Segment did not converge. Segment Tag: Descent_Transition_F_5_D217
Error Message:
The iteration is not making good progress, as measured by the 
  improvement from the last five Jacobian evaluations.
Segment did not converge. Segment Tag: Vertical_Descent_F_5_D217
Error Message:
The iteration is not making good progress, as measured by the 
  improvement from the last five Jacobian evaluations.
Segment did not converge. Segment Tag: Descent_Transition_F_6_D217
Error Message:
The iteration is not making good progress, as measured by the 
  improvement from the last five Jacobian evaluations.
Segment did not converge. Segment Tag: Vertical_Descent_F_6_D217
Error Message:
The iteration is not making good progress, as measured by the 
  improvement from the last five Jacobian evaluations.
Segment did not converge. Segment Tag: Descent_Transition_F_7_D217
Error Message:
The iteration is not making good progress, as measured by the 
  improvement from the last five Jacobian evaluations.
Segment did not converge. Segment Tag: Vertical_Descent_F_7_D217
Error Message:
The iteration is not making good progress, as measured by the 
  improvement from the last five Jacobian evaluations.
Segment did not converge. Segment Tag: Descent_Transition_F_8_D217
Error Message:
The iteration is not making good progress, as measured by the 
  improvement from the last five Jacobian evaluations.
Segment did not converge. Segment Tag: Vertical_Descent_F_8_D217
Error Message:
The iteration is not making good progress, as measured by the 
  improvement from the last five Jacobian evaluations.
Segment did not converge. Segment Tag: Descent_Transition_F_1_D218
Error Message:
The iteration is not making good progress, as measured by the 
  improvement from the last five Jacobian evaluations.
Segment did not converge. Segment Tag: Vertical_Descent_F_1_D218
Error Message:
The iteration is not making good progress, as measured by the 
  improvement from the last five Jacobian evaluations.
Segment did not converge. Segment Tag: Descent_Transition_F_2_D218
Error Message:
The iteration is not making good progress, as measured by the 
  improvement from the last five Jacobian evaluations.
Segment did not converge. Segment Tag: Vertical_Descent_F_2_D218
Error Message:
The iteration is not making good progress, as measured by the 
  improvement from the last five Jacobian evaluations.
Segment did not converge. Segment Tag: Descent_Transition_F_3_D218
Error Message:
The iteration is not making good progress, as measured by the 
  improvement from the last five Jacobian evaluations.
Segment did not converge. Segment Tag: Vertical_Descent_F_3_D218
Error Message:
The iteration is not making good progress, as measured by the 
  improvement from the last five Jacobian evaluations.
Segment did not converge. Segment Tag: Descent_Transition_F_4_D218
Error Message:
The iteration is not making good progress, as measured by the 
  improvement from the last five Jacobian evaluations.
Segment did not converge. Segment Tag: Vertical_Descent_F_4_D218
Error Message:
The iteration is not making good progress, as measured by the 
  improvement from the last five Jacobian evaluations.
Segment did not converge. Segment Tag: Descent_Transition_F_5_D218
Error Message:
The iteration is not making good progress, as measured by the 
  improvement from the last five Jacobian evaluations.
Rotor BEMT did not converge to a solution (Stall)
Segment did not converge. Segment Tag: Vertical_Descent_F_5_D218
Error Message:
The iteration is not making good progress, as measured by the 
  improvement from the last five Jacobian evaluations.
Rotor BEMT did not converge to a solution (Stall)
Segment did not converge. Segment Tag: Descent_Transition_F_6_D218
Error Message:
The iteration is not making good progress, as measured by the 
  improvement from the last five Jacobian evaluations.
Rotor BEMT did not converge to a solution (Stall)
Segment did not converge. Segment Tag: Vertical_Descent_F_6_D218
Error Message:
The iteration is not making good progress, as measured by the 
  improvement from the last five Jacobian evaluations.
Segment did not converge. Segment Tag: Descent_Transition_F_7_D218
Error Message:
The iteration is not making good progress, as measured by the 
  improvement from the last five Jacobian evaluations.
Rotor BEMT did not converge to a solution (Stall)
Segment did not converge. Segment Tag: Vertical_Descent_F_7_D218
Error Message:
The iteration is not making good progress, as measured by the 
  improvement from the last five Jacobian evaluations.
Segment did not converge. Segment Tag: Descent_Transition_F_8_D218
Error Message:
The iteration is not making good progress, as measured by the 
  improvement from the last five Jacobian evaluations.
Segment did not converge. Segment Tag: Vertical_Descent_F_8_D218
Error Message:
The iteration is not making good progress, as measured by the 
  improvement from the last five Jacobian evaluations.
Rotor BEMT did not converge to a solution (Stall)
Segment did not converge. Segment Tag: Descent_Transition_F_1_D219
Error Message:
The iteration is not making good progress, as measured by the 
  improvement from the last five Jacobian evaluations.
Rotor BEMT did not converge to a solution (Stall)
Segment did not converge. Segment Tag: Vertical_Descent_F_1_D219
Error Message:
The iteration is not making good progress, as measured by the 
  improvement from the last five Jacobian evaluations.
Segment did not converge. Segment Tag: Descent_Transition_F_2_D219
Error Message:
The iteration is not making good progress, as measured by the 
  improvement from the last five Jacobian evaluations.
Rotor BEMT did not converge to a solution (Stall)
Segment did not converge. Segment Tag: Vertical_Descent_F_2_D219
Error Message:
The iteration is not making good progress, as measured by the 
  improvement from the last five Jacobian evaluations.
Segment did not converge. Segment Tag: Approach_Transition_F_3_D219
Error Message:
The iteration is not making good progress, as measured by the 
  improvement from the last five Jacobian evaluations.
Rotor BEMT did not converge to a solution (Stall)
Segment did not converge. Segment Tag: Descent_Transition_F_3_D219
Error Message:
The iteration is not making good progress, as measured by the 
  improvement from the last five Jacobian evaluations.
Rotor BEMT did not converge to a solution (Stall)
Rotor BEMT did not converge to a solution (Stall)
Rotor BEMT did not converge to a solution (Stall)
Rotor BEMT did not converge to a solution (Stall)
Rotor BEMT did not converge to a solution (Stall)
Rotor BEMT did not converge to a solution (Stall)
Rotor BEMT did not converge to a solution (Stall)
Rotor BEMT did not converge to a solution (Stall)
Segment did not converge. Segment Tag: Vertical_Descent_F_3_D219
Error Message:
The iteration is not making good progress, as measured by the 
  improvement from the last ten iterations.
Segment did not converge. Segment Tag: Cruise_F_4_D219
Error Message:
The iteration is not making good progress, as measured by the 
  improvement from the last five Jacobian evaluations.
Rotor BEMT did not converge to a solution (Stall)
Rotor BEMT did not converge to a solution (Stall)
Segment did not converge. Segment Tag: Approach_Transition_F_4_D219
Error Message:
The iteration is not making good progress, as measured by the 
  improvement from the last five Jacobian evaluations.
Rotor BEMT did not converge to a solution (Stall)
Rotor BEMT did not converge to a solution (Stall)
Rotor BEMT did not converge to a solution (Stall)
Rotor BEMT did not converge to a solution (Stall)
Rotor BEMT did not converge to a solution (Stall)
Rotor BEMT did not converge to a solution (Stall)
Rotor BEMT did not converge to a solution (Stall)
Rotor BEMT did not converge to a solution (Stall)
Rotor BEMT did not converge to a solution (Stall)
Segment did not converge. Segment Tag: Descent_Transition_F_4_D219
Error Message:
The iteration is not making good progress, as measured by the 
  improvement from the last ten iterations.
Rotor BEMT did not converge to a solution (Stall)
Rotor BEMT did not converge to a solution (Stall)
Rotor BEMT did not converge to a solution (Stall)
Rotor BEMT did not converge to a solution (Stall)
Rotor BEMT did not converge to a solution (Stall)
Rotor BEMT did not converge to a solution (Stall)
Segment did not converge. Segment Tag: Vertical_Descent_F_4_D219
Error Message:
The iteration is not making good progress, as measured by the 
  improvement from the last five Jacobian evaluations.
Segment did not converge. Segment Tag: Vertical_Transition_F_1_D233
Error Message:
The iteration is not making good progress, as measured by the 
  improvement from the last five Jacobian evaluations.
Segment did not converge. Segment Tag: Vertical_Transition_F_2_D233
Error Message:
The iteration is not making good progress, as measured by the 
  improvement from the last five Jacobian evaluations.
Segment did not converge. Segment Tag: Vertical_Transition_F_3_D233
Error Message:
The iteration is not making good progress, as measured by the 
  improvement from the last five Jacobian evaluations.
Segment did not converge. Segment Tag: Vertical_Transition_F_4_D233
Error Message:
The iteration is not making good progress, as measured by the 
  improvement from the last five Jacobian evaluations.
Segment did not converge. Segment Tag: Vertical_Transition_F_5_D233
Error Message:
The iteration is not making good progress, as measured by the 
  improvement from the last five Jacobian evaluations.
Segment did not converge. Segment Tag: Vertical_Transition_F_6_D233
Error Message:
The iteration is not making good progress, as measured by the 
  improvement from the last five Jacobian evaluations.
Segment did not converge. Segment Tag: Vertical_Transition_F_7_D233
Error Message:
The iteration is not making good progress, as measured by the 
  improvement from the last five Jacobian evaluations.
Segment did not converge. Segment Tag: Vertical_Transition_F_8_D233
Error Message:
The iteration is not making good progress, as measured by the 
  improvement from the last five Jacobian evaluations.
Segment did not converge. Segment Tag: Vertical_Transition_F_1_D333
Error Message:
The iteration is not making good progress, as measured by the 
  improvement from the last five Jacobian evaluations.
Segment did not converge. Segment Tag: Vertical_Transition_F_2_D333
Error Message:
The iteration is not making good progress, as measured by the 
  improvement from the last five Jacobian evaluations.
Segment did not converge. Segment Tag: Vertical_Transition_F_3_D333
Error Message:
The iteration is not making good progress, as measured by the 
  improvement from the last five Jacobian evaluations.
Segment did not converge. Segment Tag: Vertical_Transition_F_4_D333
Error Message:
The iteration is not making good progress, as measured by the 
  improvement from the last five Jacobian evaluations.
Segment did not converge. Segment Tag: Vertical_Transition_F_5_D333
Error Message:
The iteration is not making good progress, as measured by the 
  improvement from the last five Jacobian evaluations.
Segment did not converge. Segment Tag: Vertical_Transition_F_6_D333
Error Message:
The iteration is not making good progress, as measured by the 
  improvement from the last five Jacobian evaluations.
Segment did not converge. Segment Tag: Vertical_Transition_F_7_D333
Error Message:
The iteration is not making good progress, as measured by the 
  improvement from the last five Jacobian evaluations.
Segment did not converge. Segment Tag: Vertical_Transition_F_8_D333
Error Message:
The iteration is not making good progress, as measured by the 
  improvement from the last five Jacobian evaluations.
Segment did not converge. Segment Tag: Vertical_Transition_F_1_D334
Error Message:
The iteration is not making good progress, as measured by the 
  improvement from the last five Jacobian evaluations.
Segment did not converge. Segment Tag: Vertical_Transition_F_2_D334
Error Message:
The iteration is not making good progress, as measured by the 
  improvement from the last five Jacobian evaluations.
Segment did not converge. Segment Tag: Vertical_Transition_F_3_D334
Error Message:
The iteration is not making good progress, as measured by the 
  improvement from the last five Jacobian evaluations.
Segment did not converge. Segment Tag: Vertical_Transition_F_4_D334
Error Message:
The iteration is not making good progress, as measured by the 
  improvement from the last five Jacobian evaluations.
Segment did not converge. Segment Tag: Vertical_Transition_F_5_D334
Error Message:
The iteration is not making good progress, as measured by the 
  improvement from the last five Jacobian evaluations.
Segment did not converge. Segment Tag: Vertical_Transition_F_6_D334
Error Message:
The iteration is not making good progress, as measured by the 
  improvement from the last five Jacobian evaluations.
Segment did not converge. Segment Tag: Vertical_Transition_F_7_D334
Error Message:
The iteration is not making good progress, as measured by the 
  improvement from the last five Jacobian evaluations.
Segment did not converge. Segment Tag: Vertical_Transition_F_8_D334
Error Message:
The iteration is not making good progress, as measured by the 
  improvement from the last five Jacobian evaluations.
The total elapsed time: 66.039 Hrs
